TN:
SF:src/app/models/http-exception.model.ts
FN:3,(anonymous_0)
FNF:1
FNH:1
FNDA:10,(anonymous_0)
DA:5,10
DA:7,10
DA:8,10
DA:12,3
LF:4
LH:4
BRF:0
BRH:0
end_of_record
TN:
SF:src/app/routes/article/article.mapper.ts
FN:3,(anonymous_0)
FN:8,(anonymous_1)
FN:11,(anonymous_2)
FNF:3
FNH:0
FNDA:0,(anonymous_0)
FNDA:0,(anonymous_1)
FNDA:0,(anonymous_2)
DA:1,1
DA:3,1
DA:8,0
DA:11,0
DA:16,1
LF:5
LH:3
BRF:0
BRH:0
end_of_record
TN:
SF:src/app/routes/article/article.service.ts
FN:8,(anonymous_0)
FN:69,(anonymous_1)
FN:69,(anonymous_2)
FN:108,(anonymous_3)
FN:113,(anonymous_4)
FN:113,(anonymous_5)
FN:157,(anonymous_6)
FN:162,(anonymous_7)
FN:162,(anonymous_8)
FN:204,(anonymous_9)
FN:241,(anonymous_10)
FN:241,(anonymous_11)
FN:276,(anonymous_12)
FN:276,(anonymous_13)
FN:289,(anonymous_14)
FN:289,(anonymous_15)
FN:337,(anonymous_16)
FN:385,(anonymous_17)
FN:385,(anonymous_18)
FN:416,(anonymous_19)
FN:416,(anonymous_20)
FN:460,(anonymous_21)
FN:466,(anonymous_22)
FN:473,(anonymous_23)
FN:473,(anonymous_24)
FN:522,(anonymous_25)
FN:527,(anonymous_26)
FN:527,(anonymous_27)
FN:562,(anonymous_28)
FN:562,(anonymous_29)
FN:600,(anonymous_30)
FN:601,(anonymous_31)
FN:608,(anonymous_32)
FN:608,(anonymous_33)
FN:646,(anonymous_34)
FN:647,(anonymous_35)
FNF:36
FNH:6
FNDA:0,(anonymous_0)
FNDA:0,(anonymous_1)
FNDA:0,(anonymous_2)
FNDA:0,(anonymous_3)
FNDA:0,(anonymous_4)
FNDA:0,(anonymous_5)
FNDA:0,(anonymous_6)
FNDA:0,(anonymous_7)
FNDA:0,(anonymous_8)
FNDA:0,(anonymous_9)
FNDA:0,(anonymous_10)
FNDA:0,(anonymous_11)
FNDA:0,(anonymous_12)
FNDA:0,(anonymous_13)
FNDA:0,(anonymous_14)
FNDA:0,(anonymous_15)
FNDA:0,(anonymous_16)
FNDA:0,(anonymous_17)
FNDA:0,(anonymous_18)
FNDA:0,(anonymous_19)
FNDA:0,(anonymous_20)
FNDA:0,(anonymous_21)
FNDA:0,(anonymous_22)
FNDA:0,(anonymous_23)
FNDA:0,(anonymous_24)
FNDA:0,(anonymous_25)
FNDA:1,(anonymous_26)
FNDA:1,(anonymous_27)
FNDA:2,(anonymous_28)
FNDA:2,(anonymous_29)
FNDA:0,(anonymous_30)
FNDA:0,(anonymous_31)
FNDA:2,(anonymous_32)
FNDA:2,(anonymous_33)
FNDA:0,(anonymous_34)
FNDA:0,(anonymous_35)
DA:1,1
DA:2,1
DA:3,1
DA:4,1
DA:5,1
DA:8,1
DA:9,0
DA:10,0
DA:11,0
DA:13,0
DA:19,0
DA:20,0
DA:27,0
DA:28,0
DA:35,0
DA:42,0
DA:44,0
DA:45,0
DA:54,0
DA:55,0
DA:66,0
DA:69,1
DA:70,0
DA:71,0
DA:77,0
DA:107,0
DA:108,0
DA:113,1
DA:114,0
DA:122,0
DA:156,0
DA:157,0
DA:162,1
DA:163,0
DA:164,0
DA:166,0
DA:167,0
DA:170,0
DA:171,0
DA:174,0
DA:175,0
DA:178,0
DA:180,0
DA:189,0
DA:190,0
DA:195,0
DA:196,0
DA:197,0
DA:204,0
DA:238,0
DA:241,1
DA:242,0
DA:269,0
DA:270,0
DA:273,0
DA:276,1
DA:277,0
DA:289,1
DA:290,0
DA:292,0
DA:306,0
DA:307,0
DA:310,0
DA:311,0
DA:316,0
DA:317,0
DA:319,0
DA:320,0
DA:329,0
DA:330,0
DA:336,0
DA:337,0
DA:343,0
DA:345,0
DA:382,0
DA:385,1
DA:386,0
DA:400,0
DA:401,0
DA:404,0
DA:405,0
DA:409,0
DA:416,1
DA:417,0
DA:419,0
DA:425,0
DA:426,0
DA:433,0
DA:460,0
DA:466,0
DA:470,0
DA:473,1
DA:474,0
DA:475,0
DA:478,0
DA:487,0
DA:513,0
DA:522,0
DA:527,1
DA:528,1
DA:545,1
DA:546,1
DA:549,0
DA:550,0
DA:555,0
DA:562,2
DA:563,2
DA:597,1
DA:600,0
DA:601,0
DA:605,1
DA:608,2
DA:609,2
DA:643,1
DA:646,0
DA:647,0
DA:651,1
LF:117
LH:27
BRDA:19,0,0,0
BRDA:27,1,0,0
BRDA:44,2,0,0
BRDA:54,3,0,0
BRDA:82,4,0,0
BRDA:82,4,1,0
BRDA:83,5,0,0
BRDA:83,5,1,0
BRDA:131,6,0,0
BRDA:131,6,1,0
BRDA:132,7,0,0
BRDA:132,7,1,0
BRDA:164,8,0,0
BRDA:164,8,1,0
BRDA:166,9,0,0
BRDA:170,10,0,0
BRDA:174,11,0,0
BRDA:189,12,0,0
BRDA:269,13,0,0
BRDA:306,14,0,0
BRDA:310,15,0,0
BRDA:316,16,0,0
BRDA:319,17,0,0
BRDA:329,18,0,0
BRDA:336,19,0,0
BRDA:336,19,1,0
BRDA:336,20,0,0
BRDA:336,20,1,0
BRDA:336,21,0,0
BRDA:336,21,1,0
BRDA:336,22,0,0
BRDA:336,22,1,0
BRDA:350,23,0,0
BRDA:350,23,1,0
BRDA:351,24,0,0
BRDA:351,24,1,0
BRDA:352,25,0,0
BRDA:352,25,1,0
BRDA:353,26,0,0
BRDA:353,26,1,0
BRDA:400,27,0,0
BRDA:404,28,0,0
BRDA:425,29,0,0
BRDA:460,30,0,0
BRDA:460,30,1,0
BRDA:460,31,0,0
BRDA:460,31,1,0
BRDA:474,32,0,0
BRDA:492,33,0,0
BRDA:492,33,1,0
BRDA:492,34,0,0
BRDA:492,34,1,0
BRDA:545,35,0,1
BRDA:549,36,0,0
BRDA:600,37,0,0
BRDA:600,37,1,1
BRDA:600,38,0,1
BRDA:600,38,1,1
BRDA:602,39,0,1
BRDA:602,39,1,0
BRDA:602,40,0,1
BRDA:602,40,1,1
BRDA:646,41,0,0
BRDA:646,41,1,1
BRDA:646,42,0,1
BRDA:646,42,1,1
BRDA:648,43,0,1
BRDA:648,43,1,0
BRDA:648,44,0,1
BRDA:648,44,1,1
BRF:70
BRH:13
end_of_record
TN:
SF:src/app/routes/article/author.mapper.ts
FN:3,(anonymous_0)
FN:8,(anonymous_1)
FNF:2
FNH:0
FNDA:0,(anonymous_0)
FNDA:0,(anonymous_1)
DA:3,1
DA:8,0
DA:12,1
LF:3
LH:2
BRDA:7,0,0,0
BRDA:7,0,1,0
BRDA:8,1,0,0
BRDA:8,1,1,0
BRDA:8,2,0,0
BRDA:8,2,1,0
BRF:6
BRH:0
end_of_record
TN:
SF:src/app/routes/auth/auth.service.ts
FN:9,(anonymous_0)
FN:9,(anonymous_1)
FN:38,(anonymous_2)
FN:38,(anonymous_3)
FN:84,(anonymous_4)
FN:84,(anonymous_5)
FN:131,(anonymous_6)
FN:131,(anonymous_7)
FN:151,(anonymous_8)
FN:151,(anonymous_9)
FNF:10
FNH:10
FNDA:2,(anonymous_0)
FNDA:2,(anonymous_1)
FNDA:5,(anonymous_2)
FNDA:5,(anonymous_3)
FNDA:5,(anonymous_4)
FNDA:5,(anonymous_5)
FNDA:1,(anonymous_6)
FNDA:1,(anonymous_7)
FNDA:1,(anonymous_8)
FNDA:1,(anonymous_9)
DA:1,1
DA:3,1
DA:4,1
DA:6,1
DA:9,2
DA:10,2
DA:19,2
DA:28,2
DA:29,1
DA:38,5
DA:39,5
DA:40,5
DA:41,5
DA:42,5
DA:44,5
DA:45,1
DA:48,4
DA:49,1
DA:52,3
DA:53,1
DA:56,2
DA:58,1
DA:60,1
DA:78,1
DA:84,5
DA:85,5
DA:86,5
DA:88,5
DA:89,1
DA:92,4
DA:93,1
DA:96,3
DA:110,3
DA:111,2
DA:113,2
DA:114,1
DA:124,2
DA:131,1
DA:132,1
DA:145,1
DA:151,1
DA:152,1
DA:155,1
DA:156,1
DA:159,1
DA:179,1
LF:46
LH:46
BRDA:28,0,0,1
BRDA:28,1,0,2
BRDA:28,1,1,1
BRDA:31,2,0,1
BRDA:31,2,1,0
BRDA:32,3,0,1
BRDA:32,3,1,0
BRDA:39,4,0,0
BRDA:39,4,1,5
BRDA:39,5,0,5
BRDA:39,5,1,5
BRDA:40,6,0,0
BRDA:40,6,1,5
BRDA:40,7,0,5
BRDA:40,7,1,5
BRDA:41,8,0,0
BRDA:41,8,1,5
BRDA:41,9,0,5
BRDA:41,9,1,5
BRDA:44,10,0,1
BRDA:48,11,0,1
BRDA:52,12,0,1
BRDA:65,13,0,0
BRDA:65,13,1,1
BRDA:66,14,0,0
BRDA:66,14,1,1
BRDA:67,15,0,0
BRDA:67,15,1,1
BRDA:85,16,0,0
BRDA:85,16,1,5
BRDA:85,17,0,5
BRDA:85,17,1,5
BRDA:86,18,0,0
BRDA:86,18,1,5
BRDA:86,19,0,5
BRDA:86,19,1,5
BRDA:88,20,0,1
BRDA:92,21,0,1
BRDA:110,22,0,2
BRDA:113,23,0,1
BRDA:155,24,0,1
BRDA:164,25,0,1
BRDA:164,25,1,0
BRDA:165,26,0,1
BRDA:165,26,1,0
BRDA:166,27,0,1
BRDA:166,27,1,0
BRDA:167,28,0,0
BRDA:167,28,1,1
BRDA:168,29,0,0
BRDA:168,29,1,1
BRF:51
BRH:36
end_of_record
TN:
SF:src/app/routes/auth/token.utils.ts
FN:3,(anonymous_0)
FNF:1
FNH:1
FNDA:4,(anonymous_0)
DA:1,1
DA:3,1
DA:4,4
DA:8,1
LF:4
LH:4
BRDA:4,0,0,4
BRDA:4,0,1,0
BRF:2
BRH:1
end_of_record
TN:
SF:src/app/routes/profile/profile.service.ts
FN:5,(anonymous_0)
FN:5,(anonymous_1)
FN:22,(anonymous_2)
FN:22,(anonymous_3)
FN:42,(anonymous_4)
FN:42,(anonymous_5)
FNF:6
FNH:6
FNDA:2,(anonymous_0)
FNDA:2,(anonymous_1)
FNDA:2,(anonymous_2)
FNDA:2,(anonymous_3)
FNDA:2,(anonymous_4)
FNDA:2,(anonymous_5)
DA:1,1
DA:2,1
DA:3,1
DA:5,2
DA:6,2
DA:15,2
DA:16,1
DA:19,1
DA:22,2
DA:23,2
DA:39,2
DA:42,2
DA:43,2
DA:59,2
LF:14
LH:14
BRDA:15,0,0,1
BRF:1
BRH:1
end_of_record
TN:
SF:src/app/routes/profile/profile.utils.ts
FN:4,(anonymous_0)
FN:9,(anonymous_1)
FNF:2
FNH:2
FNDA:10,(anonymous_0)
FNDA:2,(anonymous_1)
DA:4,10
DA:9,2
DA:13,3
LF:3
LH:3
BRDA:8,0,0,8
BRDA:8,0,1,0
BRDA:9,1,0,0
BRDA:9,1,1,8
BRDA:9,2,0,8
BRDA:9,2,1,8
BRF:6
BRH:4
end_of_record
TN:
SF:src/tests/prisma-mock.ts
FN:6,(anonymous_0)
FN:13,(anonymous_1)
FNF:2
FNH:2
FNDA:3,(anonymous_0)
FNDA:23,(anonymous_1)
DA:1,3
DA:3,3
DA:6,3
DA:11,3
DA:13,3
DA:14,23
DA:17,3
LF:7
LH:7
BRF:0
BRH:0
end_of_record
